In file included from [01m[K/opt/ros/melodic/include/ros/ros.h:40:0[m[K,
                 from [01m[K/home/lkw/catkin_ws/src/grasp_gazebo/src/grasp.cpp:1[m[K:
[01m[K/home/lkw/catkin_ws/src/grasp_gazebo/src/grasp.cpp:[m[K In member function â€˜[01m[Kvoid Gazebo_Process::move_p_constraints(const std::vector<std::vector<double> >&)[m[Kâ€™:
[01m[K/home/lkw/catkin_ws/src/grasp_gazebo/src/grasp.cpp:188:52:[m[K [01;31m[Kerror: [m[Kâ€˜[01m[Ksuccess[m[Kâ€™ was not declared in this scope
             ROS_INFO("move_p_with_constraints :%s",[01;31m[Ks[m[Kuccess ? "Success":"Failed");
                                                    [01;31m[K^[m[K
[01m[K/home/lkw/catkin_ws/src/grasp_gazebo/src/grasp.cpp:188:52:[m[K [01;36m[Knote: [m[Ksuggested alternatives:
In file included from [01m[K/usr/include/boost/exception/detail/exception_ptr.hpp:16:0[m[K,
                 from [01m[K/usr/include/boost/exception_ptr.hpp:9[m[K,
                 from [01m[K/usr/include/boost/thread/exceptional_ptr.hpp:10[m[K,
                 from [01m[K/usr/include/boost/thread/future.hpp:25[m[K,
                 from [01m[K/usr/include/boost/thread.hpp:24[m[K,
                 from [01m[K/opt/ros/melodic/include/actionlib/managed_list.h:39[m[K,
                 from [01m[K/opt/ros/melodic/include/actionlib/client/client_helpers.h:47[m[K,
                 from [01m[K/opt/ros/melodic/include/actionlib/client/action_client.h:38[m[K,
                 from [01m[K/opt/ros/melodic/include/actionlib/client/simple_action_client.h:47[m[K,
                 from [01m[K/opt/ros/melodic/include/moveit/move_group_interface/move_group_interface.h:55[m[K,
                 from [01m[K/home/lkw/catkin_ws/src/grasp_gazebo/src/grasp.cpp:3[m[K:
[01m[K/usr/include/boost/exception/detail/clone_current_exception.hpp:34:23:[m[K [01;36m[Knote: [m[K  â€˜[01m[Kboost::exception_detail::clone_current_exception_result::success[m[Kâ€™
             int const [01;36m[Ksuccess[m[K=0;
                       [01;36m[K^~~~~~~[m[K
In file included from [01m[K/usr/include/boost/system/system_error.hpp:14:0[m[K,
                 from [01m[K/usr/include/boost/thread/exceptions.hpp:22[m[K,
                 from [01m[K/usr/include/boost/thread/pthread/thread_data.hpp:10[m[K,
                 from [01m[K/usr/include/boost/thread/pthread/condition_variable.hpp:12[m[K,
                 from [01m[K/usr/include/boost/thread/condition_variable.hpp:16[m[K,
                 from [01m[K/usr/include/boost/thread/condition.hpp:13[m[K,
                 from [01m[K/opt/ros/melodic/include/actionlib/client/simple_action_client.h:38[m[K,
                 from [01m[K/opt/ros/melodic/include/moveit/move_group_interface/move_group_interface.h:55[m[K,
                 from [01m[K/home/lkw/catkin_ws/src/grasp_gazebo/src/grasp.cpp:3[m[K:
[01m[K/usr/include/boost/system/error_code.hpp:64:9:[m[K [01;36m[Knote: [m[K  â€˜[01m[Ksuccess[m[Kâ€™
         [01;36m[Ksuccess[m[K = 0,
         [01;36m[K^~~~~~~[m[K
[01m[K/home/lkw/catkin_ws/src/grasp_gazebo/src/grasp.cpp:192:16:[m[K [01;31m[Kerror: [m[Kâ€˜[01m[Ksuccess[m[Kâ€™ was not declared in this scope
             if([01;31m[Ksuccess[m[K)
                [01;31m[K^~~~~~~[m[K
[01m[K/home/lkw/catkin_ws/src/grasp_gazebo/src/grasp.cpp:192:16:[m[K [01;36m[Knote: [m[Ksuggested alternatives:
In file included from [01m[K/usr/include/boost/exception/detail/exception_ptr.hpp:16:0[m[K,
                 from [01m[K/usr/include/boost/exception_ptr.hpp:9[m[K,
                 from [01m[K/usr/include/boost/thread/exceptional_ptr.hpp:10[m[K,
                 from [01m[K/usr/include/boost/thread/future.hpp:25[m[K,
                 from [01m[K/usr/include/boost/thread.hpp:24[m[K,
                 from [01m[K/opt/ros/melodic/include/actionlib/managed_list.h:39[m[K,
                 from [01m[K/opt/ros/melodic/include/actionlib/client/client_helpers.h:47[m[K,
                 from [01m[K/opt/ros/melodic/include/actionlib/client/action_client.h:38[m[K,
                 from [01m[K/opt/ros/melodic/include/actionlib/client/simple_action_client.h:47[m[K,
                 from [01m[K/opt/ros/melodic/include/moveit/move_group_interface/move_group_interface.h:55[m[K,
                 from [01m[K/home/lkw/catkin_ws/src/grasp_gazebo/src/grasp.cpp:3[m[K:
[01m[K/usr/include/boost/exception/detail/clone_current_exception.hpp:34:23:[m[K [01;36m[Knote: [m[K  â€˜[01m[Kboost::exception_detail::clone_current_exception_result::success[m[Kâ€™
             int const [01;36m[Ksuccess[m[K=0;
                       [01;36m[K^~~~~~~[m[K
In file included from [01m[K/usr/include/boost/system/system_error.hpp:14:0[m[K,
                 from [01m[K/usr/include/boost/thread/exceptions.hpp:22[m[K,
                 from [01m[K/usr/include/boost/thread/pthread/thread_data.hpp:10[m[K,
                 from [01m[K/usr/include/boost/thread/pthread/condition_variable.hpp:12[m[K,
                 from [01m[K/usr/include/boost/thread/condition_variable.hpp:16[m[K,
                 from [01m[K/usr/include/boost/thread/condition.hpp:13[m[K,
                 from [01m[K/opt/ros/melodic/include/actionlib/client/simple_action_client.h:38[m[K,
                 from [01m[K/opt/ros/melodic/include/moveit/move_group_interface/move_group_interface.h:55[m[K,
                 from [01m[K/home/lkw/catkin_ws/src/grasp_gazebo/src/grasp.cpp:3[m[K:
[01m[K/usr/include/boost/system/error_code.hpp:64:9:[m[K [01;36m[Knote: [m[K  â€˜[01m[Ksuccess[m[Kâ€™
         [01;36m[Ksuccess[m[K = 0,
         [01;36m[K^~~~~~~[m[K
make[2]: *** [CMakeFiles/grasp.dir/src/grasp.cpp.o] Error 1
make[1]: *** [CMakeFiles/grasp.dir/all] Error 2
make: *** [all] Error 2
